<?xml version="1.0" encoding="UTF-8"?>
<!-- Generated by org.testng.reporters.JUnitReportReporter -->
<testsuite skipped="0" hostname="DESKTOP-UD53A8A" name="test.LoginTest" tests="1" failures="0" timestamp="2022-06-28T14:21:04 CDT" time="7.147" errors="0">
  <testcase name="validUserShouldBeAbleToLogin" time="7.147" classname="test.LoginTest"/>
  <system-out/>
</testsuite> <!-- test.LoginTest -->
